2025-02-21 23:20:56.522 +08:00 [INF] 应用程序启动
2025-02-21 23:21:04.981 +08:00 [INF] Initialized as Server
2025-02-21 23:21:04.982 +08:00 [INF] Starting Bluetooth server...
2025-02-21 23:21:05.013 +08:00 [INF] Server started with UUID: a7e27f52-290d-468f-9558-49f9f130b6e9
2025-02-21 23:21:05.013 +08:00 [INF] Waiting for client connection...
2025-02-21 23:21:10.679 +08:00 [INF] Disconnecting...
2025-02-21 23:21:10.682 +08:00 [INF] Disconnected successfully
2025-02-21 23:21:10.683 +08:00 [ERR] Connection error: 一个封锁操作被对 WSACancelBlockingCall 的调用中断。
2025-02-21 23:21:11.686 +08:00 [INF] Waiting for client connection...
2025-02-21 23:21:11.687 +08:00 [ERR] Connection error: Object reference not set to an instance of an object.
2025-02-21 23:21:12.688 +08:00 [INF] Waiting for client connection...
2025-02-21 23:21:12.688 +08:00 [ERR] Connection error: Object reference not set to an instance of an object.
2025-02-21 23:21:13.689 +08:00 [INF] Waiting for client connection...
2025-02-21 23:21:13.689 +08:00 [ERR] Connection error: Object reference not set to an instance of an object.
2025-02-21 23:21:14.581 +08:00 [INF] Initialized as Client
2025-02-21 23:21:14.582 +08:00 [INF] Connecting to QRZHAO3 (D03C1F4E3666)
2025-02-21 23:21:14.585 +08:00 [INF] Checking device pairing status...
2025-02-21 23:21:14.588 +08:00 [INF] Device is already paired
2025-02-21 23:21:14.690 +08:00 [INF] Waiting for client connection...
2025-02-21 23:21:14.691 +08:00 [ERR] Connection error: Object reference not set to an instance of an object.
2025-02-21 23:21:15.439 +08:00 [ERR] Connection failed: 在其上下文中，该请求的地址无效。 D03C1F4E3666:a7e27f52-290d-468f-9558-49f9f130b6e9 (0)
2025-02-21 23:21:15.692 +08:00 [INF] Waiting for client connection...
2025-02-21 23:21:15.692 +08:00 [ERR] Connection error: Object reference not set to an instance of an object.
2025-02-21 23:21:16.693 +08:00 [INF] Waiting for client connection...
2025-02-21 23:21:16.693 +08:00 [ERR] Connection error: Object reference not set to an instance of an object.
2025-02-21 23:21:17.707 +08:00 [INF] Waiting for client connection...
2025-02-21 23:21:17.707 +08:00 [ERR] Connection error: Object reference not set to an instance of an object.
2025-02-21 23:21:18.721 +08:00 [INF] Waiting for client connection...
2025-02-21 23:21:18.722 +08:00 [ERR] Connection error: Object reference not set to an instance of an object.
2025-02-21 23:21:19.429 +08:00 [INF] Disconnecting...
2025-02-21 23:21:19.430 +08:00 [INF] Disconnected successfully
2025-02-21 23:21:19.455 +08:00 [INF] 应用程序关闭
2025-02-21 23:22:53.995 +08:00 [INF] 应用程序启动
2025-02-21 23:23:05.092 +08:00 [INF] Initialized as Client
2025-02-21 23:23:05.094 +08:00 [INF] Connecting to QRZHAO3 (D03C1F4E3666)
2025-02-21 23:23:05.098 +08:00 [INF] Checking device pairing status...
2025-02-21 23:23:05.100 +08:00 [INF] Device is already paired
2025-02-21 23:23:06.477 +08:00 [INF] Testing connection...
2025-02-21 23:23:06.478 +08:00 [INF] Connection established successfully
2025-02-21 23:23:06.479 +08:00 [INF] Starting data listener...
2025-02-21 23:23:06.487 +08:00 [INF] Received: CONNECT_TEST
2025-02-21 23:23:12.190 +08:00 [INF] 已发送数据: <Window x:Class="BluetoothClipboard.MainWindow"
 ...
2025-02-21 23:24:05.260 +08:00 [INF] 已发送数据:           <Button x:Name="DisconnectButton"
     ...
2025-02-21 23:31:48.193 +08:00 [INF] 应用程序启动
2025-02-21 23:31:59.195 +08:00 [INF] Initialized as Client
2025-02-21 23:32:00.081 +08:00 [ERR] 连接到 QRZHAO3 时出错
System.Net.Internals.SocketExceptionFactory+ExtendedSocketException (10049): 在其上下文中，该请求的地址无效。 D03C1F4E3666:a7e27f52-290d-468f-9558-49f9f130b6e9 (0)
   at System.Net.Sockets.Socket.DoConnect(EndPoint endPointSnapshot, SocketAddress socketAddress)
   at System.Net.Sockets.Socket.Connect(EndPoint remoteEP)
   at InTheHand.Net.Sockets.Win32BluetoothClient.Connect(BluetoothEndPoint remoteEP)
   at InTheHand.Net.Sockets.Win32BluetoothClient.Connect(BluetoothAddress address, Guid service)
   at InTheHand.Net.Sockets.BluetoothClient.Connect(BluetoothAddress address, Guid service)
   at BluetoothClipboard.Services.BluetoothService.<>c__DisplayClass23_0.<ConnectToDeviceAsync>b__0() in C:\Users\zqr10\RiderProjects\BluetoothClipboard\Services\BluetoothService.cs:line 130
   at System.Threading.Tasks.Task.InnerInvoke()
   at System.Threading.Tasks.Task.<>c.<.cctor>b__272_0(Object obj)
   at System.Threading.ExecutionContext.RunFromThreadPoolDispatchLoop(Thread threadPoolThread, ExecutionContext executionContext, ContextCallback callback, Object state)
--- End of stack trace from previous location ---
   at System.Threading.ExecutionContext.RunFromThreadPoolDispatchLoop(Thread threadPoolThread, ExecutionContext executionContext, ContextCallback callback, Object state)
   at System.Threading.Tasks.Task.ExecuteWithThreadLocal(Task& currentTaskSlot, Thread threadPoolThread)
--- End of stack trace from previous location ---
   at BluetoothClipboard.Services.BluetoothService.ConnectToDeviceAsync(BluetoothDeviceInfo device) in C:\Users\zqr10\RiderProjects\BluetoothClipboard\Services\BluetoothService.cs:line 130
2025-02-21 23:33:19.530 +08:00 [INF] Disconnecting...
2025-02-21 23:33:19.533 +08:00 [INF] Disconnected successfully
2025-02-21 23:33:19.552 +08:00 [INF] 应用程序关闭
2025-02-21 23:33:26.307 +08:00 [INF] 应用程序启动
2025-02-21 23:33:33.928 +08:00 [INF] 应用程序关闭
2025-02-21 23:34:28.771 +08:00 [INF] 应用程序启动
2025-02-21 23:34:39.778 +08:00 [INF] Initialized as Client
2025-02-21 23:34:40.588 +08:00 [INF] 已连接到: QRZHAO3
2025-02-21 23:34:46.298 +08:00 [INF] 已发送 Text 类型的数据
2025-02-21 23:34:57.840 +08:00 [INF] 已发送 Image 类型的数据
2025-02-21 23:34:58.944 +08:00 [INF] 已发送 Image 类型的数据
2025-02-21 23:34:59.973 +08:00 [INF] 已发送 Image 类型的数据
2025-02-21 23:35:01.480 +08:00 [INF] 已发送 Image 类型的数据
2025-02-21 23:35:02.979 +08:00 [INF] 已发送 Image 类型的数据
2025-02-21 23:35:03.989 +08:00 [INF] 已发送 Image 类型的数据
2025-02-21 23:35:05.499 +08:00 [INF] 已发送 Image 类型的数据
2025-02-21 23:35:06.994 +08:00 [INF] 已发送 Image 类型的数据
2025-02-21 23:35:08.507 +08:00 [INF] 已发送 Image 类型的数据
2025-02-21 23:35:10.020 +08:00 [INF] 已发送 Image 类型的数据
2025-02-21 23:35:11.034 +08:00 [INF] 已发送 Image 类型的数据
2025-02-21 23:35:12.037 +08:00 [INF] 已发送 Image 类型的数据
2025-02-21 23:35:13.053 +08:00 [INF] 已发送 Image 类型的数据
2025-02-21 23:35:14.065 +08:00 [INF] 已发送 Image 类型的数据
2025-02-21 23:35:15.096 +08:00 [INF] 已发送 Image 类型的数据
2025-02-21 23:35:16.112 +08:00 [INF] 已发送 Image 类型的数据
2025-02-21 23:35:17.122 +08:00 [INF] 已发送 Image 类型的数据
2025-02-21 23:35:18.122 +08:00 [INF] 已发送 Image 类型的数据
2025-02-21 23:35:19.118 +08:00 [INF] 已发送 Image 类型的数据
2025-02-21 23:35:20.131 +08:00 [INF] 已发送 Image 类型的数据
2025-02-21 23:35:21.133 +08:00 [INF] 已发送 Image 类型的数据
2025-02-21 23:35:22.141 +08:00 [INF] 已发送 Image 类型的数据
2025-02-21 23:35:23.157 +08:00 [INF] 已发送 Image 类型的数据
2025-02-21 23:35:24.186 +08:00 [INF] 已发送 Image 类型的数据
2025-02-21 23:35:25.186 +08:00 [INF] 已发送 Image 类型的数据
2025-02-21 23:35:26.184 +08:00 [INF] 已发送 Image 类型的数据
2025-02-21 23:35:27.181 +08:00 [INF] 已发送 Image 类型的数据
2025-02-21 23:35:28.193 +08:00 [INF] 已发送 Image 类型的数据
2025-02-21 23:35:29.224 +08:00 [INF] 已发送 Image 类型的数据
2025-02-21 23:35:30.234 +08:00 [INF] 已发送 Image 类型的数据
2025-02-21 23:35:31.255 +08:00 [INF] 已发送 Image 类型的数据
2025-02-21 23:35:32.284 +08:00 [INF] 已发送 Image 类型的数据
2025-02-21 23:35:33.318 +08:00 [INF] 已发送 Image 类型的数据
2025-02-21 23:35:34.335 +08:00 [INF] 已发送 Image 类型的数据
2025-02-21 23:35:35.337 +08:00 [INF] 已发送 Image 类型的数据
2025-02-21 23:35:36.360 +08:00 [INF] 已发送 Image 类型的数据
2025-02-21 23:35:37.380 +08:00 [INF] 已发送 Image 类型的数据
2025-02-21 23:35:38.395 +08:00 [INF] 已发送 Image 类型的数据
2025-02-21 23:35:39.422 +08:00 [INF] 已发送 Image 类型的数据
2025-02-21 23:35:40.421 +08:00 [INF] 已发送 Image 类型的数据
2025-02-21 23:35:41.415 +08:00 [INF] 已发送 Image 类型的数据
2025-02-21 23:35:42.440 +08:00 [INF] 已发送 Image 类型的数据
2025-02-21 23:35:43.452 +08:00 [INF] 已发送 Image 类型的数据
2025-02-21 23:35:44.445 +08:00 [INF] 已发送 Image 类型的数据
2025-02-21 23:35:45.445 +08:00 [INF] 已发送 Image 类型的数据
2025-02-21 23:35:46.448 +08:00 [INF] 已发送 Image 类型的数据
2025-02-21 23:35:47.451 +08:00 [INF] 已发送 Image 类型的数据
2025-02-21 23:35:48.446 +08:00 [INF] 已发送 Image 类型的数据
2025-02-21 23:35:49.453 +08:00 [INF] 已发送 Image 类型的数据
2025-02-21 23:35:50.452 +08:00 [INF] 已发送 Image 类型的数据
2025-02-21 23:35:51.444 +08:00 [INF] 已发送 Image 类型的数据
2025-02-21 23:35:52.462 +08:00 [INF] 已发送 Image 类型的数据
2025-02-21 23:35:53.482 +08:00 [INF] 已发送 Image 类型的数据
2025-02-21 23:35:54.499 +08:00 [INF] 已发送 Image 类型的数据
2025-02-21 23:35:55.494 +08:00 [INF] 已发送 Image 类型的数据
2025-02-21 23:35:56.498 +08:00 [INF] 已发送 Image 类型的数据
2025-02-21 23:35:57.513 +08:00 [INF] 已发送 Image 类型的数据
2025-02-21 23:35:59.031 +08:00 [INF] 已发送 Image 类型的数据
2025-02-21 23:36:00.055 +08:00 [INF] 已发送 Image 类型的数据
2025-02-21 23:36:01.063 +08:00 [INF] 已发送 Image 类型的数据
2025-02-21 23:36:02.079 +08:00 [INF] 已发送 Image 类型的数据
2025-02-21 23:36:02.584 +08:00 [INF] 已发送 Files 类型的数据
2025-02-21 23:40:43.376 +08:00 [INF] 应用程序启动
2025-02-21 23:40:54.500 +08:00 [INF] Initialized as Client
2025-02-21 23:40:55.594 +08:00 [INF] 已连接到: QRZHAO3
2025-02-21 23:41:03.863 +08:00 [INF] 已发送 Files 类型的数据
2025-02-21 23:41:27.418 +08:00 [INF] 已发送 Text 类型的数据
2025-02-21 23:41:48.420 +08:00 [INF] 已发送 Files 类型的数据
2025-02-21 23:45:26.619 +08:00 [INF] Disconnecting...
2025-02-21 23:45:26.622 +08:00 [INF] Disconnected successfully
2025-02-21 23:45:26.636 +08:00 [INF] 应用程序关闭
2025-02-21 23:45:33.273 +08:00 [INF] 应用程序启动
2025-02-21 23:45:37.802 +08:00 [INF] Initialized as Server
2025-02-21 23:45:37.831 +08:00 [INF] 服务器已启动，等待连接...
2025-02-21 23:45:44.350 +08:00 [INF] Initialized as Client
2025-02-21 23:45:46.763 +08:00 [INF] 已连接到: QRZHAO3
2025-02-21 23:45:56.049 +08:00 [INF] 开始传输图片数据 (3.09KB)...
2025-02-21 23:45:56.053 +08:00 [INF] 已发送 Image 类型的数据
2025-02-21 23:45:57.056 +08:00 [INF] 开始传输图片数据 (3.09KB)...
2025-02-21 23:45:57.058 +08:00 [INF] 已发送 Image 类型的数据
2025-02-21 23:45:57.553 +08:00 [INF] 开始传输图片数据 (3.09KB)...
2025-02-21 23:45:57.556 +08:00 [INF] 已发送 Image 类型的数据
2025-02-21 23:45:58.052 +08:00 [INF] 开始传输图片数据 (3.09KB)...
2025-02-21 23:45:58.054 +08:00 [INF] 已发送 Image 类型的数据
2025-02-21 23:45:58.804 +08:00 [INF] 开始传输图片数据 (3.09KB)...
2025-02-21 23:45:58.805 +08:00 [INF] 已发送 Image 类型的数据
2025-02-21 23:45:59.337 +08:00 [INF] 开始传输图片数据 (3.09KB)...
2025-02-21 23:45:59.339 +08:00 [INF] 已发送 Image 类型的数据
2025-02-21 23:45:59.843 +08:00 [INF] 开始传输图片数据 (3.09KB)...
2025-02-21 23:45:59.845 +08:00 [INF] 已发送 Image 类型的数据
2025-02-21 23:46:00.347 +08:00 [INF] 开始传输图片数据 (3.09KB)...
2025-02-21 23:46:00.349 +08:00 [INF] 已发送 Image 类型的数据
2025-02-21 23:46:00.854 +08:00 [INF] 开始传输图片数据 (3.09KB)...
2025-02-21 23:46:00.855 +08:00 [INF] 已发送 Image 类型的数据
2025-02-21 23:46:01.348 +08:00 [INF] 开始传输图片数据 (3.09KB)...
2025-02-21 23:46:01.350 +08:00 [INF] 已发送 Image 类型的数据
2025-02-21 23:46:01.848 +08:00 [INF] 开始传输图片数据 (3.09KB)...
2025-02-21 23:46:01.849 +08:00 [INF] 已发送 Image 类型的数据
2025-02-21 23:46:02.381 +08:00 [INF] 开始传输图片数据 (3.09KB)...
2025-02-21 23:46:02.382 +08:00 [INF] 已发送 Image 类型的数据
2025-02-21 23:46:02.937 +08:00 [INF] 开始传输图片数据 (3.09KB)...
2025-02-21 23:46:02.939 +08:00 [INF] 已发送 Image 类型的数据
2025-02-21 23:46:03.451 +08:00 [INF] 开始传输图片数据 (3.09KB)...
2025-02-21 23:46:03.453 +08:00 [INF] 已发送 Image 类型的数据
2025-02-21 23:46:03.969 +08:00 [INF] 开始传输图片数据 (3.09KB)...
2025-02-21 23:46:03.971 +08:00 [INF] 已发送 Image 类型的数据
2025-02-21 23:46:04.479 +08:00 [INF] 开始传输图片数据 (3.09KB)...
2025-02-21 23:46:04.480 +08:00 [INF] 已发送 Image 类型的数据
2025-02-21 23:46:04.980 +08:00 [INF] 开始传输图片数据 (3.09KB)...
2025-02-21 23:46:04.981 +08:00 [INF] 已发送 Image 类型的数据
2025-02-21 23:46:05.484 +08:00 [INF] 开始传输图片数据 (3.09KB)...
2025-02-21 23:46:05.486 +08:00 [INF] 已发送 Image 类型的数据
2025-02-21 23:46:05.994 +08:00 [INF] 开始传输图片数据 (3.09KB)...
2025-02-21 23:46:05.996 +08:00 [INF] 已发送 Image 类型的数据
2025-02-21 23:46:06.493 +08:00 [INF] 开始传输图片数据 (3.09KB)...
2025-02-21 23:46:06.495 +08:00 [INF] 已发送 Image 类型的数据
2025-02-21 23:46:06.992 +08:00 [INF] 开始传输图片数据 (3.09KB)...
2025-02-21 23:46:06.993 +08:00 [INF] 已发送 Image 类型的数据
2025-02-21 23:46:07.492 +08:00 [INF] 开始传输图片数据 (3.09KB)...
2025-02-21 23:46:07.494 +08:00 [INF] 已发送 Image 类型的数据
2025-02-21 23:46:07.994 +08:00 [INF] 开始传输图片数据 (3.09KB)...
2025-02-21 23:46:07.995 +08:00 [INF] 已发送 Image 类型的数据
2025-02-21 23:46:08.497 +08:00 [INF] 开始传输图片数据 (3.09KB)...
2025-02-21 23:46:08.498 +08:00 [INF] 已发送 Image 类型的数据
2025-02-21 23:46:08.996 +08:00 [INF] 开始传输图片数据 (3.09KB)...
2025-02-21 23:46:08.998 +08:00 [INF] 已发送 Image 类型的数据
2025-02-21 23:46:09.523 +08:00 [INF] 开始传输图片数据 (3.09KB)...
2025-02-21 23:46:09.524 +08:00 [INF] 已发送 Image 类型的数据
2025-02-21 23:46:10.052 +08:00 [INF] 开始传输图片数据 (3.09KB)...
2025-02-21 23:46:10.053 +08:00 [INF] 已发送 Image 类型的数据
2025-02-21 23:46:10.554 +08:00 [INF] 开始传输图片数据 (3.09KB)...
2025-02-21 23:46:10.555 +08:00 [INF] 已发送 Image 类型的数据
2025-02-21 23:46:11.068 +08:00 [INF] 开始传输图片数据 (3.09KB)...
2025-02-21 23:46:11.070 +08:00 [INF] 已发送 Image 类型的数据
2025-02-21 23:46:11.568 +08:00 [INF] 开始传输图片数据 (3.09KB)...
2025-02-21 23:46:11.570 +08:00 [INF] 已发送 Image 类型的数据
2025-02-21 23:46:12.067 +08:00 [INF] 开始传输图片数据 (3.09KB)...
2025-02-21 23:46:12.069 +08:00 [INF] 已发送 Image 类型的数据
2025-02-21 23:46:12.567 +08:00 [INF] 开始传输图片数据 (3.09KB)...
2025-02-21 23:46:12.569 +08:00 [INF] 已发送 Image 类型的数据
2025-02-21 23:46:13.078 +08:00 [INF] 开始传输图片数据 (3.09KB)...
2025-02-21 23:46:13.080 +08:00 [INF] 已发送 Image 类型的数据
2025-02-21 23:46:13.595 +08:00 [INF] 开始传输图片数据 (3.09KB)...
2025-02-21 23:46:13.596 +08:00 [INF] 已发送 Image 类型的数据
2025-02-21 23:46:14.097 +08:00 [INF] 开始传输图片数据 (3.09KB)...
2025-02-21 23:46:14.099 +08:00 [INF] 已发送 Image 类型的数据
2025-02-21 23:46:14.609 +08:00 [INF] 开始传输图片数据 (3.09KB)...
2025-02-21 23:46:14.611 +08:00 [INF] 已发送 Image 类型的数据
2025-02-21 23:46:15.120 +08:00 [INF] 开始传输图片数据 (3.09KB)...
2025-02-21 23:46:15.122 +08:00 [INF] 已发送 Image 类型的数据
2025-02-21 23:46:15.617 +08:00 [INF] 开始传输图片数据 (3.09KB)...
2025-02-21 23:46:15.618 +08:00 [INF] 已发送 Image 类型的数据
2025-02-21 23:46:16.113 +08:00 [INF] 开始传输图片数据 (3.09KB)...
2025-02-21 23:46:16.114 +08:00 [INF] 已发送 Image 类型的数据
2025-02-21 23:46:16.615 +08:00 [INF] 开始传输图片数据 (3.09KB)...
2025-02-21 23:46:16.616 +08:00 [INF] 已发送 Image 类型的数据
2025-02-21 23:46:17.113 +08:00 [INF] 开始传输图片数据 (3.09KB)...
2025-02-21 23:46:17.115 +08:00 [INF] 已发送 Image 类型的数据
2025-02-21 23:46:17.629 +08:00 [INF] 开始传输图片数据 (3.09KB)...
2025-02-21 23:46:17.630 +08:00 [INF] 已发送 Image 类型的数据
2025-02-21 23:46:18.160 +08:00 [INF] 开始传输图片数据 (3.09KB)...
2025-02-21 23:46:18.162 +08:00 [INF] 已发送 Image 类型的数据
2025-02-21 23:46:18.667 +08:00 [INF] 开始传输图片数据 (3.09KB)...
2025-02-21 23:46:18.669 +08:00 [INF] 已发送 Image 类型的数据
2025-02-21 23:46:19.165 +08:00 [INF] 开始传输图片数据 (3.09KB)...
2025-02-21 23:46:19.166 +08:00 [INF] 已发送 Image 类型的数据
2025-02-21 23:46:19.662 +08:00 [INF] 开始传输图片数据 (3.09KB)...
2025-02-21 23:46:19.664 +08:00 [INF] 已发送 Image 类型的数据
2025-02-21 23:46:20.160 +08:00 [INF] 开始传输图片数据 (3.09KB)...
2025-02-21 23:46:20.161 +08:00 [INF] 已发送 Image 类型的数据
2025-02-21 23:46:20.662 +08:00 [INF] 开始传输图片数据 (3.09KB)...
2025-02-21 23:46:20.664 +08:00 [INF] 已发送 Image 类型的数据
2025-02-21 23:46:21.238 +08:00 [INF] 开始传输图片数据 (3.09KB)...
2025-02-21 23:46:21.239 +08:00 [INF] 已发送 Image 类型的数据
2025-02-21 23:46:21.752 +08:00 [INF] 开始传输图片数据 (3.09KB)...
2025-02-21 23:46:21.754 +08:00 [INF] 已发送 Image 类型的数据
2025-02-21 23:46:22.264 +08:00 [INF] 开始传输图片数据 (3.09KB)...
2025-02-21 23:46:22.266 +08:00 [INF] 已发送 Image 类型的数据
2025-02-21 23:46:22.769 +08:00 [INF] 开始传输图片数据 (3.09KB)...
2025-02-21 23:46:22.771 +08:00 [INF] 已发送 Image 类型的数据
2025-02-21 23:46:23.273 +08:00 [INF] 开始传输图片数据 (3.09KB)...
2025-02-21 23:46:23.274 +08:00 [INF] 已发送 Image 类型的数据
2025-02-21 23:46:23.772 +08:00 [INF] 开始传输图片数据 (3.09KB)...
2025-02-21 23:46:23.774 +08:00 [INF] 已发送 Image 类型的数据
2025-02-21 23:46:24.319 +08:00 [INF] 开始传输图片数据 (3.09KB)...
2025-02-21 23:46:24.320 +08:00 [INF] 已发送 Image 类型的数据
2025-02-21 23:46:24.828 +08:00 [INF] 开始传输图片数据 (3.09KB)...
2025-02-21 23:46:24.830 +08:00 [INF] 已发送 Image 类型的数据
2025-02-21 23:46:25.343 +08:00 [INF] 开始传输图片数据 (3.09KB)...
2025-02-21 23:46:25.345 +08:00 [INF] 已发送 Image 类型的数据
2025-02-21 23:46:25.859 +08:00 [INF] 开始传输图片数据 (3.09KB)...
2025-02-21 23:46:25.861 +08:00 [INF] 已发送 Image 类型的数据
2025-02-21 23:46:26.376 +08:00 [INF] 开始传输图片数据 (3.09KB)...
2025-02-21 23:46:26.379 +08:00 [INF] 已发送 Image 类型的数据
2025-02-21 23:46:26.878 +08:00 [INF] 开始传输图片数据 (3.09KB)...
2025-02-21 23:46:26.880 +08:00 [INF] 已发送 Image 类型的数据
2025-02-21 23:46:27.385 +08:00 [INF] 开始传输图片数据 (3.09KB)...
2025-02-21 23:46:27.387 +08:00 [INF] 已发送 Image 类型的数据
2025-02-21 23:46:27.883 +08:00 [INF] 开始传输图片数据 (3.09KB)...
2025-02-21 23:46:27.885 +08:00 [INF] 已发送 Image 类型的数据
2025-02-21 23:46:28.381 +08:00 [INF] 开始传输图片数据 (3.09KB)...
2025-02-21 23:46:28.383 +08:00 [INF] 已发送 Image 类型的数据
2025-02-21 23:46:28.879 +08:00 [INF] 开始传输图片数据 (3.09KB)...
2025-02-21 23:46:28.881 +08:00 [INF] 已发送 Image 类型的数据
2025-02-21 23:46:29.389 +08:00 [INF] 开始传输图片数据 (3.09KB)...
2025-02-21 23:46:29.390 +08:00 [INF] 已发送 Image 类型的数据
2025-02-21 23:46:29.886 +08:00 [INF] 开始传输图片数据 (3.09KB)...
2025-02-21 23:46:29.888 +08:00 [INF] 已发送 Image 类型的数据
2025-02-21 23:46:30.389 +08:00 [INF] 开始传输图片数据 (3.09KB)...
2025-02-21 23:46:30.392 +08:00 [INF] 已发送 Image 类型的数据
2025-02-21 23:46:30.901 +08:00 [INF] 开始传输图片数据 (3.09KB)...
2025-02-21 23:46:30.903 +08:00 [INF] 已发送 Image 类型的数据
2025-02-21 23:46:31.394 +08:00 [INF] 开始传输图片数据 (3.09KB)...
2025-02-21 23:46:31.395 +08:00 [INF] 已发送 Image 类型的数据
2025-02-21 23:46:31.895 +08:00 [INF] 开始传输图片数据 (3.09KB)...
2025-02-21 23:46:31.897 +08:00 [INF] 已发送 Image 类型的数据
2025-02-21 23:46:32.393 +08:00 [INF] 开始传输图片数据 (3.09KB)...
2025-02-21 23:46:32.395 +08:00 [INF] 已发送 Image 类型的数据
2025-02-21 23:46:32.928 +08:00 [INF] 开始传输图片数据 (3.09KB)...
2025-02-21 23:46:32.930 +08:00 [INF] 已发送 Image 类型的数据
2025-02-21 23:46:33.439 +08:00 [INF] 开始传输图片数据 (3.09KB)...
2025-02-21 23:46:33.442 +08:00 [INF] 已发送 Image 类型的数据
2025-02-21 23:46:33.952 +08:00 [INF] 开始传输图片数据 (3.09KB)...
2025-02-21 23:46:33.953 +08:00 [INF] 已发送 Image 类型的数据
2025-02-21 23:46:34.466 +08:00 [INF] 开始传输图片数据 (3.09KB)...
2025-02-21 23:46:34.469 +08:00 [INF] 已发送 Image 类型的数据
2025-02-21 23:46:34.980 +08:00 [INF] 开始传输图片数据 (3.09KB)...
2025-02-21 23:46:34.982 +08:00 [INF] 已发送 Image 类型的数据
2025-02-21 23:46:35.477 +08:00 [INF] 开始传输图片数据 (3.09KB)...
2025-02-21 23:46:35.478 +08:00 [INF] 已发送 Image 类型的数据
2025-02-21 23:46:35.974 +08:00 [INF] 开始传输图片数据 (3.09KB)...
2025-02-21 23:46:35.977 +08:00 [INF] 已发送 Image 类型的数据
2025-02-21 23:46:36.473 +08:00 [INF] 开始传输图片数据 (3.09KB)...
2025-02-21 23:46:36.475 +08:00 [INF] 已发送 Image 类型的数据
2025-02-21 23:46:36.987 +08:00 [INF] 开始传输图片数据 (3.09KB)...
2025-02-21 23:46:36.988 +08:00 [INF] 已发送 Image 类型的数据
2025-02-21 23:46:37.499 +08:00 [INF] 开始传输图片数据 (3.09KB)...
2025-02-21 23:46:37.501 +08:00 [INF] 已发送 Image 类型的数据
2025-02-21 23:46:38.014 +08:00 [INF] 开始传输图片数据 (3.09KB)...
2025-02-21 23:46:38.016 +08:00 [INF] 已发送 Image 类型的数据
2025-02-21 23:46:38.544 +08:00 [INF] 开始传输图片数据 (3.09KB)...
2025-02-21 23:46:38.546 +08:00 [INF] 已发送 Image 类型的数据
2025-02-21 23:46:39.038 +08:00 [INF] 开始传输图片数据 (3.09KB)...
2025-02-21 23:46:39.040 +08:00 [INF] 已发送 Image 类型的数据
2025-02-21 23:46:39.537 +08:00 [INF] 开始传输图片数据 (3.09KB)...
2025-02-21 23:46:39.539 +08:00 [INF] 已发送 Image 类型的数据
2025-02-21 23:46:40.052 +08:00 [INF] 开始传输图片数据 (3.09KB)...
2025-02-21 23:46:40.055 +08:00 [INF] 已发送 Image 类型的数据
2025-02-21 23:46:40.552 +08:00 [INF] 开始传输图片数据 (3.09KB)...
2025-02-21 23:46:40.554 +08:00 [INF] 已发送 Image 类型的数据
2025-02-21 23:46:41.079 +08:00 [INF] 开始传输图片数据 (3.09KB)...
2025-02-21 23:46:41.082 +08:00 [INF] 已发送 Image 类型的数据
2025-02-21 23:46:41.583 +08:00 [INF] 开始传输图片数据 (3.09KB)...
2025-02-21 23:46:41.585 +08:00 [INF] 已发送 Image 类型的数据
2025-02-21 23:46:42.090 +08:00 [INF] 开始传输图片数据 (3.09KB)...
2025-02-21 23:46:42.093 +08:00 [INF] 已发送 Image 类型的数据
2025-02-21 23:46:42.588 +08:00 [INF] 开始传输图片数据 (3.09KB)...
2025-02-21 23:46:42.590 +08:00 [INF] 已发送 Image 类型的数据
2025-02-21 23:46:43.087 +08:00 [INF] 开始传输图片数据 (3.09KB)...
2025-02-21 23:46:43.090 +08:00 [INF] 已发送 Image 类型的数据
2025-02-21 23:46:43.572 +08:00 [INF] Disconnecting...
2025-02-21 23:46:43.574 +08:00 [INF] Disconnected successfully
2025-02-21 23:46:44.085 +08:00 [INF] 应用程序关闭
2025-02-21 23:47:19.761 +08:00 [INF] 应用程序启动
2025-02-21 23:47:30.721 +08:00 [INF] Initialized as Client
2025-02-21 23:47:31.788 +08:00 [INF] 已连接到: QRZHAO3
2025-02-21 23:47:46.428 +08:00 [INF] 开始传输图片数据 (1.12KB)...
2025-02-21 23:47:46.434 +08:00 [INF] 已发送 Image 类型的数据
2025-02-21 23:47:47.428 +08:00 [INF] 图片数据未变化，跳过传输
2025-02-21 23:48:08.599 +08:00 [INF] 开始传输图片数据 (61.31KB)...
2025-02-21 23:48:08.601 +08:00 [INF] 已发送 Image 类型的数据
2025-02-21 23:48:11.282 +08:00 [INF] 图片数据未变化，跳过传输
2025-02-21 23:51:28.877 +08:00 [INF] 已发送 Text 类型的数据
2025-02-21 23:52:12.610 +08:00 [INF] 开始传输图片数据 (74.64KB)...
2025-02-21 23:52:12.673 +08:00 [INF] 已发送 Image 类型的数据
2025-02-21 23:52:15.782 +08:00 [INF] 图片数据未变化，跳过传输
2025-02-21 23:53:26.065 +08:00 [INF] 已发送 Text 类型的数据
2025-02-21 23:56:24.809 +08:00 [INF] 已发送 Text 类型的数据
2025-02-21 23:56:27.300 +08:00 [INF] 已发送 Text 类型的数据
